Jan 23, 2015 9:45:08 AM edu.msoe.Lecture14 main
INFO: User entered 'principles.txt' for the filename.
Jan 23, 2015 9:45:08 AM edu.msoe.Lecture14 main
INFO: Quote:  PARKINSON'S LAW
Jan 23, 2015 9:45:08 AM edu.msoe.Lecture14 main
INFO: Quote:  PARKINSON'S LAW, MODIFIED
Jan 23, 2015 9:45:08 AM edu.msoe.Lecture14 main
INFO: Quote:  THE PETER PRINCIPLE
Jan 23, 2015 9:45:08 AM edu.msoe.Lecture14 main
INFO: Quote:  CHEOPS' LAW
Jan 23, 2015 9:45:08 AM edu.msoe.Lecture14 main
INFO: Quote:  MURPHY'S LAW
Jan 23, 2015 9:45:08 AM edu.msoe.Lecture14 main
INFO: Quote:  WEILER'S LAW
Jan 23, 2015 9:45:08 AM edu.msoe.Lecture14 main
INFO: Quote:  FINAGLE'S LAW
Jan 23, 2015 9:45:08 AM edu.msoe.Lecture14 main
INFO: Quote:  RUDIN'S LAW
Jan 23, 2015 9:45:08 AM edu.msoe.Lecture14 main
INFO: Quote:  UNNAMED LAW
Jan 23, 2015 9:45:08 AM edu.msoe.Lecture14 main
INFO: Quote:  CLARKE'S THIRD LAW
Jan 23, 2015 9:45:08 AM edu.msoe.Lecture14 main
INFO: Quote:  GUMPERSON'S LAW
Jan 23, 2015 9:45:08 AM edu.msoe.Lecture14 main
INFO: Quote:  UNNAMED LAW
Jan 23, 2015 9:45:08 AM edu.msoe.Lecture14 main
INFO: Quote:  UNAMED LAW 2
Jan 23, 2015 9:45:08 AM edu.msoe.Lecture14 main
INFO: Quote:  CUTLER WEBSTER'S LAW
Jan 23, 2015 9:45:08 AM edu.msoe.Lecture14 main
INFO: Quote:  ALBRECHT'S LAW
Jan 23, 2015 9:45:08 AM edu.msoe.Lecture14 main
INFO: Quote:  PATRICKS'S THEOREM
Jan 23, 2015 9:45:08 AM edu.msoe.Lecture14 main
INFO: Quote:  SKINNER'S CONSTANT
Jan 23, 2015 9:45:08 AM edu.msoe.Lecture14 main
INFO: Quote:  HORNER'S FIVE THUMB POSTULATE
Jan 23, 2015 9:45:08 AM edu.msoe.Lecture14 main
INFO: Quote:  FLAOLE'S LAW OF THE PERVERSITY OF INANIMATE OBJECTS
Jan 23, 2015 9:45:08 AM edu.msoe.Lecture14 main
INFO: Quote:  ALLEN'S AXIOM
Jan 23, 2015 9:45:08 AM edu.msoe.Lecture14 main
INFO: Quote:  THE SPARE PARTS PRINCIPLE
Jan 23, 2015 9:45:08 AM edu.msoe.Lecture14 main
INFO: Quote:  THE COMPENSATION COROLLARY
Jan 23, 2015 9:45:08 AM edu.msoe.Lecture14 main
INFO: Quote:  THE ORDERING PRINCIPLE
Jan 23, 2015 9:45:08 AM edu.msoe.Lecture14 main
INFO: Quote:  THE ULTIMATE PRINCIPLE
Jan 23, 2015 9:45:08 AM edu.msoe.Lecture14 main
INFO: Quote:  THE FUTILITY FACTOR
Jan 23, 2015 9:45:10 AM edu.msoe.Lecture14 main
INFO: User entered 'q' for the filename.
Jan 23, 2015 9:45:10 AM edu.msoe.Lecture14 main
INFO: Program done.
